<testsuites id="" name="" tests="1" failures="0" skipped="0" errors="0" time="8.30192299999998">
<testsuite name="Chapter05\08_RunTestBasedOnENV.spec.ts" timestamp="2026-06-18T04:00:46.845Z" hostname="chromium" tests="1" failures="0" skipped="0" time="7.978" errors="0">
<testcase name="Validate Page Fixtures with imported pages" classname="Chapter05\08_RunTestBasedOnENV.spec.ts" time="7.978">
<system-out>
<![CDATA[Global before is running...
Test Execution started now...
Product Nae:Sauce Labs Bike Light
User name:visual_user
password :secret_sauce
first name:Sountharya
last name :Raja
zip:78754
Tests are running in dev env.
Global afterEach is running...

[[ATTACHMENT|test-results\Chapter05-08_RunTestBasedO-b2c94-ixtures-with-imported-pages-chromium\test-finished-1.png]]

[[ATTACHMENT|test-results\Chapter05-08_RunTestBasedO-b2c94-ixtures-with-imported-pages-chromium\video.webm]]

[[ATTACHMENT|test-results\Chapter05-08_RunTestBasedO-b2c94-ixtures-with-imported-pages-chromium\trace.zip]]
]]>
</system-out>
</testcase>
</testsuite>
</testsuites>