<testsuites id="" name="" tests="1" failures="0" skipped="0" errors="0" time="7.991592999999994">
<testsuite name="Chapter05\05_PageObjectModelTest.spec.ts" timestamp="2026-06-17T01:14:07.009Z" hostname="chromium" tests="1" failures="0" skipped="0" time="7.187" errors="0">
<testcase name="User can purchase a product successfully" classname="Chapter05\05_PageObjectModelTest.spec.ts" time="7.187">
<system-out>
<![CDATA[
[[ATTACHMENT|test-results\Chapter05-05_PageObjectMod-0d30a-hase-a-product-successfully-chromium\test-finished-1.png]]

[[ATTACHMENT|test-results\Chapter05-05_PageObjectMod-0d30a-hase-a-product-successfully-chromium\video.webm]]

[[ATTACHMENT|test-results\Chapter05-05_PageObjectMod-0d30a-hase-a-product-successfully-chromium\trace.zip]]
]]>
</system-out>
</testcase>
</testsuite>
</testsuites>